Using pre-set license
Built from '2021.3/staging' branch; Version is '2021.3.10f1 (1c7d0df0160b) revision 1867021'; Using compiler version '192829333'; Build Type 'Release'
OS: 'Windows 10  (10.0.19044) 64bit Professional' Language: 'ru' Physical Memory: 6143 MB
BatchMode: 1, IsHumanControllingUs: 0, StartBugReporterOnCrash: 0, Is64bit: 1, IsPro: 1

COMMAND LINE ARGUMENTS:
F:\Unity\2021.3.10f1\Editor\Unity.exe
-adb2
-batchMode
-noUpm
-name
AssetImportWorker1
-projectPath
F:/Unity/Projects/Mineores
-logFile
Logs/AssetImportWorker1.log
-srvPort
49874
Successfully changed project path to: F:/Unity/Projects/Mineores
F:/Unity/Projects/Mineores
[UnityMemory] Configuration Parameters - Can be set up in boot.config
    "memorysetup-bucket-allocator-granularity=16"
    "memorysetup-bucket-allocator-bucket-count=8"
    "memorysetup-bucket-allocator-block-size=33554432"
    "memorysetup-bucket-allocator-block-count=8"
    "memorysetup-main-allocator-block-size=16777216"
    "memorysetup-thread-allocator-block-size=16777216"
    "memorysetup-gfx-main-allocator-block-size=16777216"
    "memorysetup-gfx-thread-allocator-block-size=16777216"
    "memorysetup-cache-allocator-block-size=4194304"
    "memorysetup-typetree-allocator-block-size=2097152"
    "memorysetup-profiler-bucket-allocator-granularity=16"
    "memorysetup-profiler-bucket-allocator-bucket-count=8"
    "memorysetup-profiler-bucket-allocator-block-size=33554432"
    "memorysetup-profiler-bucket-allocator-block-count=8"
    "memorysetup-profiler-allocator-block-size=16777216"
    "memorysetup-profiler-editor-allocator-block-size=1048576"
    "memorysetup-temp-allocator-size-main=16777216"
    "memorysetup-job-temp-allocator-block-size=2097152"
    "memorysetup-job-temp-allocator-block-size-background=1048576"
    "memorysetup-job-temp-allocator-reduction-small-platforms=262144"
    "memorysetup-temp-allocator-size-background-worker=32768"
    "memorysetup-temp-allocator-size-job-worker=262144"
    "memorysetup-temp-allocator-size-preload-manager=33554432"
    "memorysetup-temp-allocator-size-nav-mesh-worker=65536"
    "memorysetup-temp-allocator-size-audio-worker=65536"
    "memorysetup-temp-allocator-size-cloud-worker=32768"
    "memorysetup-temp-allocator-size-gi-baking-worker=262144"
    "memorysetup-temp-allocator-size-gfx=262144"
Refreshing native plugins compatible for Editor in 179.54 ms, found 3 plugins.
Preloading 0 native plugins for Editor in 0.00 ms.
Initialize engine version: 2021.3.10f1 (1c7d0df0160b)
[Subsystems] Discovering subsystems at path F:/Unity/2021.3.10f1/Editor/Data/Resources/UnitySubsystems
[Subsystems] Discovering subsystems at path F:/Unity/Projects/Mineores/Assets
GfxDevice: creating device client; threaded=0; jobified=0
Direct3D:
    Version:  Direct3D 11.0 [level 11.1]
    Renderer: NVIDIA GeForce GTX 1060 3GB (ID=0x1c02)
    Vendor:   NVIDIA
    VRAM:     2988 MB
    Driver:   30.0.15.1215
Initialize mono
Mono path[0] = 'F:/Unity/2021.3.10f1/Editor/Data/Managed'
Mono path[1] = 'F:/Unity/2021.3.10f1/Editor/Data/MonoBleedingEdge/lib/mono/unityjit-win32'
Mono config path = 'F:/Unity/2021.3.10f1/Editor/Data/MonoBleedingEdge/etc'
Using monoOptions --debugger-agent=transport=dt_socket,embedding=1,server=y,suspend=n,address=127.0.0.1:56336
Begin MonoManager ReloadAssembly
Registering precompiled unity dll's ...
Register platform support module: F:/Unity/2021.3.10f1/Editor/Data/PlaybackEngines/WindowsStandaloneSupport/UnityEditor.WindowsStandalone.Extensions.dll
Registered in 0.005318 seconds.
Native extension for WindowsStandalone target not found
Refreshing native plugins compatible for Editor in 172.88 ms, found 3 plugins.
Preloading 0 native plugins for Editor in 0.00 ms.
Mono: successfully reloaded assembly
- Completed reload, in  1.603 seconds
Domain Reload Profiling:
	ReloadAssembly (1604ms)
		BeginReloadAssembly (205ms)
			ExecutionOrderSort (0ms)
			DisableScriptedObjects (0ms)
			BackupInstance (0ms)
			ReleaseScriptingObjects (0ms)
			CreateAndSetChildDomain (3ms)
		EndReloadAssembly (1146ms)
			LoadAssemblies (202ms)
			RebuildTransferFunctionScriptingTraits (0ms)
			SetupTypeCache (210ms)
			ReleaseScriptCaches (0ms)
			RebuildScriptCaches (57ms)
			SetupLoadedEditorAssemblies (736ms)
				LogAssemblyErrors (0ms)
				InitializePlatformSupportModulesInManaged (20ms)
				SetLoadedEditorAssemblies (1ms)
				RefreshPlugins (173ms)
				BeforeProcessingInitializeOnLoad (4ms)
				ProcessInitializeOnLoadAttributes (390ms)
				ProcessInitializeOnLoadMethodAttributes (147ms)
				AfterProcessingInitializeOnLoad (0ms)
				EditorAssembliesLoaded (0ms)
			ExecutionOrderSort2 (0ms)
			AwakeInstancesAfterBackupRestoration (0ms)
Platform modules already initialized, skipping
Registering precompiled user dll's ...
Registered in 0.009811 seconds.
Begin MonoManager ReloadAssembly
Native extension for WindowsStandalone target not found
Refreshing native plugins compatible for Editor in 1.38 ms, found 3 plugins.
Preloading 0 native plugins for Editor in 0.00 ms.
Mono: successfully reloaded assembly
- Completed reload, in  6.209 seconds
Domain Reload Profiling:
	ReloadAssembly (6212ms)
		BeginReloadAssembly (290ms)
			ExecutionOrderSort (0ms)
			DisableScriptedObjects (20ms)
			BackupInstance (0ms)
			ReleaseScriptingObjects (0ms)
			CreateAndSetChildDomain (38ms)
		EndReloadAssembly (5279ms)
			LoadAssemblies (1941ms)
			RebuildTransferFunctionScriptingTraits (0ms)
			SetupTypeCache (583ms)
			ReleaseScriptCaches (1ms)
			RebuildScriptCaches (105ms)
			SetupLoadedEditorAssemblies (2542ms)
				LogAssemblyErrors (0ms)
				InitializePlatformSupportModulesInManaged (14ms)
				SetLoadedEditorAssemblies (2ms)
				RefreshPlugins (2ms)
				BeforeProcessingInitializeOnLoad (187ms)
				ProcessInitializeOnLoadAttributes (1950ms)
				ProcessInitializeOnLoadMethodAttributes (380ms)
				AfterProcessingInitializeOnLoad (7ms)
				EditorAssembliesLoaded (1ms)
			ExecutionOrderSort2 (0ms)
			AwakeInstancesAfterBackupRestoration (17ms)
Platform modules already initialized, skipping
========================================================================
Worker process is ready to serve import requests
Launched and connected shader compiler UnityShaderCompiler.exe after 0.60 seconds
Refreshing native plugins compatible for Editor in 1.25 ms, found 3 plugins.
Preloading 0 native plugins for Editor in 0.00 ms.
Unloading 3546 Unused Serialized files (Serialized files now loaded: 0)
Unloading 40 unused Assets / (184.4 KB). Loaded Objects now: 4007.
Memory consumption went from 125.6 MB to 125.4 MB.
Total: 7.828649 ms (FindLiveObjects: 1.091200 ms CreateObjectMapping: 0.458997 ms MarkObjects: 6.047137 ms  DeleteObjects: 0.218743 ms)

AssetImportParameters requested are different than current active one (requested -> active):
  custom:video-decoder-ogg-theora: a1e56fd34408186e4bbccfd4996cb3dc -> 
  custom:container-muxer-webm: aa71ff27fc2769a1b78a27578f13a17b -> 
  custom:container-demuxer-webm: 4f35f7cbe854078d1ac9338744f61a02 -> 
  custom:video-encoder-webm-vp8: eb34c28f22e8b96e1ab97ce403110664 -> 
  custom:audio-encoder-webm-vorbis: bf7c407c2cedff20999df2af8eb42d56 -> 
  custom:framework-win-MediaFoundation: 216162199b28c13a410421893ffa2e32 -> 
  custom:container-demuxer-ogg: 62fdf1f143b41e24485cea50d1cbac27 -> 
  custom:video-decoder-webm-vp8: 9c59270c3fd7afecdb556c50c9e8de78 -> 
  custom:audio-decoder-ogg-vorbis: bf7c407c2cedff20999df2af8eb42d56 -> 
========================================================================
Received Import Request.
  Time since last request: 952616.253664 seconds.
  path: Assets/Images/Сетка инвентаря.png
  artifactKey: Guid(19521794dbbd25147b7de7450f5d5f27) Importer(815301076,1909f56bfc062723c751e8b465ee728b)
Start importing Assets/Images/Сетка инвентаря.png using Guid(19521794dbbd25147b7de7450f5d5f27) Importer(815301076,1909f56bfc062723c751e8b465ee728b)  -> (artifact id: 'd0dd0d35826fedce6ec558b68c246181') in 0.724729 seconds 
========================================================================
Received Prepare
Registering precompiled user dll's ...
Registered in 0.009600 seconds.
Begin MonoManager ReloadAssembly
Native extension for WindowsStandalone target not found
Refreshing native plugins compatible for Editor in 1.46 ms, found 3 plugins.
Preloading 0 native plugins for Editor in 0.00 ms.
Mono: successfully reloaded assembly
- Completed reload, in  3.969 seconds
Domain Reload Profiling:
	ReloadAssembly (3972ms)
		BeginReloadAssembly (453ms)
			ExecutionOrderSort (0ms)
			DisableScriptedObjects (22ms)
			BackupInstance (0ms)
			ReleaseScriptingObjects (0ms)
			CreateAndSetChildDomain (113ms)
		EndReloadAssembly (3178ms)
			LoadAssemblies (334ms)
			RebuildTransferFunctionScriptingTraits (0ms)
			SetupTypeCache (739ms)
			ReleaseScriptCaches (4ms)
			RebuildScriptCaches (127ms)
			SetupLoadedEditorAssemblies (1840ms)
				LogAssemblyErrors (0ms)
				InitializePlatformSupportModulesInManaged (43ms)
				SetLoadedEditorAssemblies (2ms)
				RefreshPlugins (2ms)
				BeforeProcessingInitializeOnLoad (189ms)
				ProcessInitializeOnLoadAttributes (1422ms)
				ProcessInitializeOnLoadMethodAttributes (176ms)
				AfterProcessingInitializeOnLoad (6ms)
				EditorAssembliesLoaded (1ms)
			ExecutionOrderSort2 (0ms)
			AwakeInstancesAfterBackupRestoration (19ms)
Platform modules already initialized, skipping
Refreshing native plugins compatible for Editor in 5.99 ms, found 3 plugins.
Preloading 0 native plugins for Editor in 0.00 ms.
Unloading 3541 Unused Serialized files (Serialized files now loaded: 0)
Unloading 21 unused Assets / (150.9 KB). Loaded Objects now: 4029.
Memory consumption went from 129.8 MB to 129.6 MB.
Total: 8.840788 ms (FindLiveObjects: 1.317486 ms CreateObjectMapping: 0.457600 ms MarkObjects: 6.836344 ms  DeleteObjects: 0.217905 ms)

AssetImportParameters requested are different than current active one (requested -> active):
  custom:video-decoder-ogg-theora: a1e56fd34408186e4bbccfd4996cb3dc -> 
  custom:container-muxer-webm: aa71ff27fc2769a1b78a27578f13a17b -> 
  custom:container-demuxer-webm: 4f35f7cbe854078d1ac9338744f61a02 -> 
  custom:video-encoder-webm-vp8: eb34c28f22e8b96e1ab97ce403110664 -> 
  custom:audio-encoder-webm-vorbis: bf7c407c2cedff20999df2af8eb42d56 -> 
  custom:framework-win-MediaFoundation: 216162199b28c13a410421893ffa2e32 -> 
  custom:container-demuxer-ogg: 62fdf1f143b41e24485cea50d1cbac27 -> 
  custom:video-decoder-webm-vp8: 9c59270c3fd7afecdb556c50c9e8de78 -> 
  custom:audio-decoder-ogg-vorbis: bf7c407c2cedff20999df2af8eb42d56 -> 
========================================================================
Received Import Request.
  Time since last request: 401.759411 seconds.
  path: Assets/Images/red-cross-mark-png-pic-227368_1-transformed.png
  artifactKey: Guid(f0743390a780fe747b5537e6abfe056b) Importer(815301076,1909f56bfc062723c751e8b465ee728b)
Start importing Assets/Images/red-cross-mark-png-pic-227368_1-transformed.png using Guid(f0743390a780fe747b5537e6abfe056b) Importer(815301076,1909f56bfc062723c751e8b465ee728b)  -> (artifact id: '27a109e5152165eeb59d4c0b1f54e438') in 3.363731 seconds 
========================================================================
Received Import Request.
  Time since last request: 23.389833 seconds.
  path: Assets/Images/red-cross-mark-png-pic-227368_1-transformed.png
  artifactKey: Guid(f0743390a780fe747b5537e6abfe056b) Importer(815301076,1909f56bfc062723c751e8b465ee728b)
Start importing Assets/Images/red-cross-mark-png-pic-227368_1-transformed.png using Guid(f0743390a780fe747b5537e6abfe056b) Importer(815301076,1909f56bfc062723c751e8b465ee728b)  -> (artifact id: 'cb8adb4c68cf684170e36fd3246fcb3e') in 0.110741 seconds 
========================================================================
Received Import Request.
  Time since last request: 10.801645 seconds.
  path: Assets/Images/red-cross-mark-png-pic-227368_1-transformed.png
  artifactKey: Guid(f0743390a780fe747b5537e6abfe056b) Importer(815301076,1909f56bfc062723c751e8b465ee728b)
Start importing Assets/Images/red-cross-mark-png-pic-227368_1-transformed.png using Guid(f0743390a780fe747b5537e6abfe056b) Importer(815301076,1909f56bfc062723c751e8b465ee728b)  -> (artifact id: '60c4f73a0b8befe43817c1cdbb8e2eb4') in 0.556358 seconds 
========================================================================
Received Import Request.
  Time since last request: 206.073213 seconds.
  path: Assets/Images/png-transparent-dubai-computer-icons-organization-customer-emoji-wrong-angle-text-rectangle-transformed.png
  artifactKey: Guid(11f46033bf1687247bc18d4945016a29) Importer(815301076,1909f56bfc062723c751e8b465ee728b)
Start importing Assets/Images/png-transparent-dubai-computer-icons-organization-customer-emoji-wrong-angle-text-rectangle-transformed.png using Guid(11f46033bf1687247bc18d4945016a29) Importer(815301076,1909f56bfc062723c751e8b465ee728b)  -> (artifact id: '6a3b2e001cfe684e4c9939ad365e5e2f') in 0.985281 seconds 
========================================================================
Received Import Request.
  Time since last request: 25.028203 seconds.
  path: Assets/Images/png-transparent-dubai-computer-icons-organization-customer-emoji-wrong-angle-text-rectangle-transformed.png
  artifactKey: Guid(11f46033bf1687247bc18d4945016a29) Importer(815301076,1909f56bfc062723c751e8b465ee728b)
Start importing Assets/Images/png-transparent-dubai-computer-icons-organization-customer-emoji-wrong-angle-text-rectangle-transformed.png using Guid(11f46033bf1687247bc18d4945016a29) Importer(815301076,1909f56bfc062723c751e8b465ee728b)  -> (artifact id: '240c8c4c4819c99862f9dbd4754bf8c8') in 0.638390 seconds 
========================================================================
Received Import Request.
  Time since last request: 3.965496 seconds.
  path: Assets/Images/png-transparent-dubai-computer-icons-organization-customer-emoji-wrong-angle-text-rectangle-transformed.png
  artifactKey: Guid(11f46033bf1687247bc18d4945016a29) Importer(815301076,1909f56bfc062723c751e8b465ee728b)
Start importing Assets/Images/png-transparent-dubai-computer-icons-organization-customer-emoji-wrong-angle-text-rectangle-transformed.png using Guid(11f46033bf1687247bc18d4945016a29) Importer(815301076,1909f56bfc062723c751e8b465ee728b)  -> (artifact id: 'fd055d1fa83163c1fe3a439b104ae13a') in 0.607603 seconds 
========================================================================
Received Prepare
Registering precompiled user dll's ...
Registered in 0.008876 seconds.
Begin MonoManager ReloadAssembly
Native extension for WindowsStandalone target not found
Refreshing native plugins compatible for Editor in 2.64 ms, found 3 plugins.
Preloading 0 native plugins for Editor in 0.00 ms.
Mono: successfully reloaded assembly
- Completed reload, in 11.554 seconds
Domain Reload Profiling:
	ReloadAssembly (11573ms)
		BeginReloadAssembly (6257ms)
			ExecutionOrderSort (0ms)
			DisableScriptedObjects (254ms)
			BackupInstance (0ms)
			ReleaseScriptingObjects (0ms)
			CreateAndSetChildDomain (2636ms)
		EndReloadAssembly (4571ms)
			LoadAssemblies (2312ms)
			RebuildTransferFunctionScriptingTraits (1ms)
			SetupTypeCache (1435ms)
			ReleaseScriptCaches (3ms)
			RebuildScriptCaches (264ms)
			SetupLoadedEditorAssemblies (1949ms)
				LogAssemblyErrors (0ms)
				InitializePlatformSupportModulesInManaged (105ms)
				SetLoadedEditorAssemblies (3ms)
				RefreshPlugins (3ms)
				BeforeProcessingInitializeOnLoad (175ms)
				ProcessInitializeOnLoadAttributes (1427ms)
				ProcessInitializeOnLoadMethodAttributes (219ms)
				AfterProcessingInitializeOnLoad (16ms)
				EditorAssembliesLoaded (1ms)
			ExecutionOrderSort2 (0ms)
			AwakeInstancesAfterBackupRestoration (35ms)
Platform modules already initialized, skipping
Refreshing native plugins compatible for Editor in 7.48 ms, found 3 plugins.
Preloading 0 native plugins for Editor in 0.00 ms.
Unloading 3541 Unused Serialized files (Serialized files now loaded: 0)
Unloading 21 unused Assets / (150.9 KB). Loaded Objects now: 4049.
Memory consumption went from 129.8 MB to 129.7 MB.
Total: 10.186211 ms (FindLiveObjects: 0.794235 ms CreateObjectMapping: 0.501460 ms MarkObjects: 8.677639 ms  DeleteObjects: 0.198349 ms)

AssetImportParameters requested are different than current active one (requested -> active):
  custom:video-decoder-ogg-theora: a1e56fd34408186e4bbccfd4996cb3dc -> 
  custom:container-muxer-webm: aa71ff27fc2769a1b78a27578f13a17b -> 
  custom:container-demuxer-webm: 4f35f7cbe854078d1ac9338744f61a02 -> 
  custom:video-encoder-webm-vp8: eb34c28f22e8b96e1ab97ce403110664 -> 
  custom:audio-encoder-webm-vorbis: bf7c407c2cedff20999df2af8eb42d56 -> 
  custom:framework-win-MediaFoundation: 216162199b28c13a410421893ffa2e32 -> 
  custom:container-demuxer-ogg: 62fdf1f143b41e24485cea50d1cbac27 -> 
  custom:video-decoder-webm-vp8: 9c59270c3fd7afecdb556c50c9e8de78 -> 
  custom:audio-decoder-ogg-vorbis: bf7c407c2cedff20999df2af8eb42d56 -> 
========================================================================
Received Prepare
Registering precompiled user dll's ...
Registered in 0.008829 seconds.
Begin MonoManager ReloadAssembly
Native extension for WindowsStandalone target not found
Refreshing native plugins compatible for Editor in 1.46 ms, found 3 plugins.
Preloading 0 native plugins for Editor in 0.00 ms.
Mono: successfully reloaded assembly
- Completed reload, in  4.211 seconds
Domain Reload Profiling:
	ReloadAssembly (4213ms)
		BeginReloadAssembly (672ms)
			ExecutionOrderSort (0ms)
			DisableScriptedObjects (38ms)
			BackupInstance (0ms)
			ReleaseScriptingObjects (0ms)
			CreateAndSetChildDomain (140ms)
		EndReloadAssembly (3204ms)
			LoadAssemblies (504ms)
			RebuildTransferFunctionScriptingTraits (0ms)
			SetupTypeCache (717ms)
			ReleaseScriptCaches (3ms)
			RebuildScriptCaches (114ms)
			SetupLoadedEditorAssemblies (1826ms)
				LogAssemblyErrors (0ms)
				InitializePlatformSupportModulesInManaged (45ms)
				SetLoadedEditorAssemblies (2ms)
				RefreshPlugins (2ms)
				BeforeProcessingInitializeOnLoad (267ms)
				ProcessInitializeOnLoadAttributes (1273ms)
				ProcessInitializeOnLoadMethodAttributes (221ms)
				AfterProcessingInitializeOnLoad (16ms)
				EditorAssembliesLoaded (1ms)
			ExecutionOrderSort2 (0ms)
			AwakeInstancesAfterBackupRestoration (40ms)
Platform modules already initialized, skipping
Refreshing native plugins compatible for Editor in 4.81 ms, found 3 plugins.
Preloading 0 native plugins for Editor in 0.00 ms.
Unloading 3541 Unused Serialized files (Serialized files now loaded: 0)
Unloading 21 unused Assets / (151.0 KB). Loaded Objects now: 4064.
Memory consumption went from 129.9 MB to 129.7 MB.
Total: 12.803862 ms (FindLiveObjects: 1.053486 ms CreateObjectMapping: 0.409829 ms MarkObjects: 11.105043 ms  DeleteObjects: 0.216229 ms)

AssetImportParameters requested are different than current active one (requested -> active):
  custom:video-decoder-ogg-theora: a1e56fd34408186e4bbccfd4996cb3dc -> 
  custom:container-muxer-webm: aa71ff27fc2769a1b78a27578f13a17b -> 
  custom:container-demuxer-webm: 4f35f7cbe854078d1ac9338744f61a02 -> 
  custom:video-encoder-webm-vp8: eb34c28f22e8b96e1ab97ce403110664 -> 
  custom:audio-encoder-webm-vorbis: bf7c407c2cedff20999df2af8eb42d56 -> 
  custom:framework-win-MediaFoundation: 216162199b28c13a410421893ffa2e32 -> 
  custom:container-demuxer-ogg: 62fdf1f143b41e24485cea50d1cbac27 -> 
  custom:video-decoder-webm-vp8: 9c59270c3fd7afecdb556c50c9e8de78 -> 
  custom:audio-decoder-ogg-vorbis: bf7c407c2cedff20999df2af8eb42d56 -> 
========================================================================
Received Prepare
Registering precompiled user dll's ...
Registered in 0.020255 seconds.
Begin MonoManager ReloadAssembly
Native extension for WindowsStandalone target not found
Refreshing native plugins compatible for Editor in 2.41 ms, found 3 plugins.
Preloading 0 native plugins for Editor in 0.00 ms.
Mono: successfully reloaded assembly
- Completed reload, in  4.324 seconds
Domain Reload Profiling:
	ReloadAssembly (4328ms)
		BeginReloadAssembly (717ms)
			ExecutionOrderSort (0ms)
			DisableScriptedObjects (51ms)
			BackupInstance (0ms)
			ReleaseScriptingObjects (2ms)
			CreateAndSetChildDomain (196ms)
		EndReloadAssembly (3313ms)
			LoadAssemblies (397ms)
			RebuildTransferFunctionScriptingTraits (0ms)
			SetupTypeCache (883ms)
			ReleaseScriptCaches (3ms)
			RebuildScriptCaches (120ms)
			SetupLoadedEditorAssemblies (1850ms)
				LogAssemblyErrors (0ms)
				InitializePlatformSupportModulesInManaged (43ms)
				SetLoadedEditorAssemblies (2ms)
				RefreshPlugins (3ms)
				BeforeProcessingInitializeOnLoad (172ms)
				ProcessInitializeOnLoadAttributes (1492ms)
				ProcessInitializeOnLoadMethodAttributes (131ms)
				AfterProcessingInitializeOnLoad (7ms)
				EditorAssembliesLoaded (1ms)
			ExecutionOrderSort2 (0ms)
			AwakeInstancesAfterBackupRestoration (19ms)
Platform modules already initialized, skipping
Refreshing native plugins compatible for Editor in 5.08 ms, found 3 plugins.
Preloading 0 native plugins for Editor in 0.00 ms.
Unloading 3541 Unused Serialized files (Serialized files now loaded: 0)
Unloading 21 unused Assets / (151.1 KB). Loaded Objects now: 4079.
Memory consumption went from 129.9 MB to 129.7 MB.
Total: 6.990833 ms (FindLiveObjects: 0.755683 ms CreateObjectMapping: 0.458997 ms MarkObjects: 5.580318 ms  DeleteObjects: 0.179911 ms)

AssetImportParameters requested are different than current active one (requested -> active):
  custom:video-decoder-ogg-theora: a1e56fd34408186e4bbccfd4996cb3dc -> 
  custom:container-muxer-webm: aa71ff27fc2769a1b78a27578f13a17b -> 
  custom:container-demuxer-webm: 4f35f7cbe854078d1ac9338744f61a02 -> 
  custom:video-encoder-webm-vp8: eb34c28f22e8b96e1ab97ce403110664 -> 
  custom:audio-encoder-webm-vorbis: bf7c407c2cedff20999df2af8eb42d56 -> 
  custom:framework-win-MediaFoundation: 216162199b28c13a410421893ffa2e32 -> 
  custom:container-demuxer-ogg: 62fdf1f143b41e24485cea50d1cbac27 -> 
  custom:video-decoder-webm-vp8: 9c59270c3fd7afecdb556c50c9e8de78 -> 
  custom:audio-decoder-ogg-vorbis: bf7c407c2cedff20999df2af8eb42d56 -> 
========================================================================
Received Prepare
Registering precompiled user dll's ...
Registered in 0.013624 seconds.
Begin MonoManager ReloadAssembly
Native extension for WindowsStandalone target not found
Refreshing native plugins compatible for Editor in 5.60 ms, found 3 plugins.
Preloading 0 native plugins for Editor in 0.00 ms.
Mono: successfully reloaded assembly
- Completed reload, in  5.249 seconds
Domain Reload Profiling:
	ReloadAssembly (5254ms)
		BeginReloadAssembly (422ms)
			ExecutionOrderSort (0ms)
			DisableScriptedObjects (24ms)
			BackupInstance (0ms)
			ReleaseScriptingObjects (0ms)
			CreateAndSetChildDomain (99ms)
		EndReloadAssembly (4503ms)
			LoadAssemblies (344ms)
			RebuildTransferFunctionScriptingTraits (0ms)
			SetupTypeCache (1164ms)
			ReleaseScriptCaches (4ms)
			RebuildScriptCaches (249ms)
			SetupLoadedEditorAssemblies (2282ms)
				LogAssemblyErrors (0ms)
				InitializePlatformSupportModulesInManaged (79ms)
				SetLoadedEditorAssemblies (8ms)
				RefreshPlugins (6ms)
				BeforeProcessingInitializeOnLoad (357ms)
				ProcessInitializeOnLoadAttributes (1619ms)
				ProcessInitializeOnLoadMethodAttributes (204ms)
				AfterProcessingInitializeOnLoad (7ms)
				EditorAssembliesLoaded (1ms)
			ExecutionOrderSort2 (0ms)
			AwakeInstancesAfterBackupRestoration (30ms)
Platform modules already initialized, skipping
Refreshing native plugins compatible for Editor in 5.40 ms, found 3 plugins.
Preloading 0 native plugins for Editor in 0.00 ms.
Unloading 3541 Unused Serialized files (Serialized files now loaded: 0)
Unloading 21 unused Assets / (150.9 KB). Loaded Objects now: 4094.
Memory consumption went from 129.9 MB to 129.8 MB.
Total: 19.743012 ms (FindLiveObjects: 1.254349 ms CreateObjectMapping: 0.935314 ms MarkObjects: 17.223697 ms  DeleteObjects: 0.316521 ms)

AssetImportParameters requested are different than current active one (requested -> active):
  custom:video-decoder-ogg-theora: a1e56fd34408186e4bbccfd4996cb3dc -> 
  custom:container-muxer-webm: aa71ff27fc2769a1b78a27578f13a17b -> 
  custom:container-demuxer-webm: 4f35f7cbe854078d1ac9338744f61a02 -> 
  custom:video-encoder-webm-vp8: eb34c28f22e8b96e1ab97ce403110664 -> 
  custom:audio-encoder-webm-vorbis: bf7c407c2cedff20999df2af8eb42d56 -> 
  custom:framework-win-MediaFoundation: 216162199b28c13a410421893ffa2e32 -> 
  custom:container-demuxer-ogg: 62fdf1f143b41e24485cea50d1cbac27 -> 
  custom:video-decoder-webm-vp8: 9c59270c3fd7afecdb556c50c9e8de78 -> 
  custom:audio-decoder-ogg-vorbis: bf7c407c2cedff20999df2af8eb42d56 -> 
========================================================================
Received Prepare
Registering precompiled user dll's ...
Registered in 0.013020 seconds.
Begin MonoManager ReloadAssembly
Native extension for WindowsStandalone target not found
Refreshing native plugins compatible for Editor in 1.58 ms, found 3 plugins.
Preloading 0 native plugins for Editor in 0.00 ms.
Mono: successfully reloaded assembly
- Completed reload, in  8.149 seconds
Domain Reload Profiling:
	ReloadAssembly (8164ms)
		BeginReloadAssembly (417ms)
			ExecutionOrderSort (0ms)
			DisableScriptedObjects (26ms)
			BackupInstance (0ms)
			ReleaseScriptingObjects (0ms)
			CreateAndSetChildDomain (86ms)
		EndReloadAssembly (7422ms)
			LoadAssemblies (360ms)
			RebuildTransferFunctionScriptingTraits (0ms)
			SetupTypeCache (1248ms)
			ReleaseScriptCaches (5ms)
			RebuildScriptCaches (242ms)
			SetupLoadedEditorAssemblies (4805ms)
				LogAssemblyErrors (0ms)
				InitializePlatformSupportModulesInManaged (123ms)
				SetLoadedEditorAssemblies (4ms)
				RefreshPlugins (2ms)
				BeforeProcessingInitializeOnLoad (424ms)
				ProcessInitializeOnLoadAttributes (3392ms)
				ProcessInitializeOnLoadMethodAttributes (833ms)
				AfterProcessingInitializeOnLoad (27ms)
				EditorAssembliesLoaded (1ms)
			ExecutionOrderSort2 (0ms)
			AwakeInstancesAfterBackupRestoration (117ms)
Platform modules already initialized, skipping
Refreshing native plugins compatible for Editor in 4.48 ms, found 3 plugins.
Preloading 0 native plugins for Editor in 0.00 ms.
Unloading 3541 Unused Serialized files (Serialized files now loaded: 0)
Unloading 21 unused Assets / (151.1 KB). Loaded Objects now: 4109.
Memory consumption went from 129.9 MB to 129.8 MB.
Total: 8.776534 ms (FindLiveObjects: 1.004597 ms CreateObjectMapping: 0.721041 ms MarkObjects: 6.835506 ms  DeleteObjects: 0.200584 ms)

AssetImportParameters requested are different than current active one (requested -> active):
  custom:video-decoder-ogg-theora: a1e56fd34408186e4bbccfd4996cb3dc -> 
  custom:container-muxer-webm: aa71ff27fc2769a1b78a27578f13a17b -> 
  custom:container-demuxer-webm: 4f35f7cbe854078d1ac9338744f61a02 -> 
  custom:video-encoder-webm-vp8: eb34c28f22e8b96e1ab97ce403110664 -> 
  custom:audio-encoder-webm-vorbis: bf7c407c2cedff20999df2af8eb42d56 -> 
  custom:framework-win-MediaFoundation: 216162199b28c13a410421893ffa2e32 -> 
  custom:container-demuxer-ogg: 62fdf1f143b41e24485cea50d1cbac27 -> 
  custom:video-decoder-webm-vp8: 9c59270c3fd7afecdb556c50c9e8de78 -> 
  custom:audio-decoder-ogg-vorbis: bf7c407c2cedff20999df2af8eb42d56 -> 
========================================================================
Received Prepare
Registering precompiled user dll's ...
Registered in 0.013651 seconds.
Begin MonoManager ReloadAssembly
Native extension for WindowsStandalone target not found
Refreshing native plugins compatible for Editor in 3.41 ms, found 3 plugins.
Preloading 0 native plugins for Editor in 0.00 ms.
Mono: successfully reloaded assembly
- Completed reload, in  5.682 seconds
Domain Reload Profiling:
	ReloadAssembly (5685ms)
		BeginReloadAssembly (420ms)
			ExecutionOrderSort (0ms)
			DisableScriptedObjects (22ms)
			BackupInstance (0ms)
			ReleaseScriptingObjects (0ms)
			CreateAndSetChildDomain (115ms)
		EndReloadAssembly (4968ms)
			LoadAssemblies (272ms)
			RebuildTransferFunctionScriptingTraits (0ms)
			SetupTypeCache (1076ms)
			ReleaseScriptCaches (3ms)
			RebuildScriptCaches (194ms)
			SetupLoadedEditorAssemblies (2967ms)
				LogAssemblyErrors (0ms)
				InitializePlatformSupportModulesInManaged (79ms)
				SetLoadedEditorAssemblies (4ms)
				RefreshPlugins (4ms)
				BeforeProcessingInitializeOnLoad (352ms)
				ProcessInitializeOnLoadAttributes (2230ms)
				ProcessInitializeOnLoadMethodAttributes (283ms)
				AfterProcessingInitializeOnLoad (14ms)
				EditorAssembliesLoaded (1ms)
			ExecutionOrderSort2 (0ms)
			AwakeInstancesAfterBackupRestoration (68ms)
Platform modules already initialized, skipping
Refreshing native plugins compatible for Editor in 5.43 ms, found 3 plugins.
Preloading 0 native plugins for Editor in 0.00 ms.
Unloading 3541 Unused Serialized files (Serialized files now loaded: 0)
Unloading 21 unused Assets / (150.6 KB). Loaded Objects now: 4124.
Memory consumption went from 130.0 MB to 129.8 MB.
Total: 18.493412 ms (FindLiveObjects: 1.305753 ms CreateObjectMapping: 0.408152 ms MarkObjects: 16.579202 ms  DeleteObjects: 0.187454 ms)

AssetImportParameters requested are different than current active one (requested -> active):
  custom:video-decoder-ogg-theora: a1e56fd34408186e4bbccfd4996cb3dc -> 
  custom:container-muxer-webm: aa71ff27fc2769a1b78a27578f13a17b -> 
  custom:container-demuxer-webm: 4f35f7cbe854078d1ac9338744f61a02 -> 
  custom:video-encoder-webm-vp8: eb34c28f22e8b96e1ab97ce403110664 -> 
  custom:audio-encoder-webm-vorbis: bf7c407c2cedff20999df2af8eb42d56 -> 
  custom:framework-win-MediaFoundation: 216162199b28c13a410421893ffa2e32 -> 
  custom:container-demuxer-ogg: 62fdf1f143b41e24485cea50d1cbac27 -> 
  custom:video-decoder-webm-vp8: 9c59270c3fd7afecdb556c50c9e8de78 -> 
  custom:audio-decoder-ogg-vorbis: bf7c407c2cedff20999df2af8eb42d56 -> 
========================================================================
Received Import Request.
  Time since last request: 627.580639 seconds.
  path: Assets/Images/ARMZn41cPuE-transformed.png
  artifactKey: Guid(40366616a6c9da744bee3f54d43d8b75) Importer(815301076,1909f56bfc062723c751e8b465ee728b)
Start importing Assets/Images/ARMZn41cPuE-transformed.png using Guid(40366616a6c9da744bee3f54d43d8b75) Importer(815301076,1909f56bfc062723c751e8b465ee728b)  -> (artifact id: 'e93e902bc235abb5eb9979f139152bc6') in 0.277947 seconds 
========================================================================
Received Import Request.
  Time since last request: 27.768678 seconds.
  path: Assets/Images/ARMZn41cPuE-transformed.png
  artifactKey: Guid(40366616a6c9da744bee3f54d43d8b75) Importer(815301076,1909f56bfc062723c751e8b465ee728b)
Start importing Assets/Images/ARMZn41cPuE-transformed.png using Guid(40366616a6c9da744bee3f54d43d8b75) Importer(815301076,1909f56bfc062723c751e8b465ee728b)  -> (artifact id: '64e2b3ff8c7ea715d88e043442cb00cd') in 0.117989 seconds 
========================================================================
Received Import Request.
  Time since last request: 3.172354 seconds.
  path: Assets/Images/ARMZn41cPuE-transformed.png
  artifactKey: Guid(40366616a6c9da744bee3f54d43d8b75) Importer(815301076,1909f56bfc062723c751e8b465ee728b)
Start importing Assets/Images/ARMZn41cPuE-transformed.png using Guid(40366616a6c9da744bee3f54d43d8b75) Importer(815301076,1909f56bfc062723c751e8b465ee728b)  -> (artifact id: '494dbf4cf0e0ae5d8f7bcf08c46839d6') in 0.259918 seconds 
========================================================================
Received Import Request.
  Time since last request: 255.677547 seconds.
  path: Assets/Scripts/Items
  artifactKey: Guid(1fd7a7b800b10a24b96c8fc270dbd854) Importer(815301076,1909f56bfc062723c751e8b465ee728b)
Start importing Assets/Scripts/Items using Guid(1fd7a7b800b10a24b96c8fc270dbd854) Importer(815301076,1909f56bfc062723c751e8b465ee728b)  -> (artifact id: '9bd9071afabf9d178beb3a0cb14bef53') in 0.086487 seconds 
========================================================================
Received Import Request.
  Time since last request: 10.281035 seconds.
  path: Assets/Scripts/Items/Wood.cs
  artifactKey: Guid(730695754d8bad943a290d7cb8c3c863) Importer(815301076,1909f56bfc062723c751e8b465ee728b)
Start importing Assets/Scripts/Items/Wood.cs using Guid(730695754d8bad943a290d7cb8c3c863) Importer(815301076,1909f56bfc062723c751e8b465ee728b)  -> (artifact id: 'a522c73b13a245ca8e60958b985d2a18') in 1.067989 seconds 
========================================================================
Received Import Request.
  Time since last request: 82.212016 seconds.
  path: Assets/Scripts/Player.cs
  artifactKey: Guid(a5a22cc6cdda295498efd3463b9b8ad9) Importer(815301076,1909f56bfc062723c751e8b465ee728b)
Start importing Assets/Scripts/Player.cs using Guid(a5a22cc6cdda295498efd3463b9b8ad9) Importer(815301076,1909f56bfc062723c751e8b465ee728b)  -> (artifact id: '6ad692f3395db690b55bb781e8569053') in 0.079570 seconds 
========================================================================
Received Import Request.
  Time since last request: 12.894654 seconds.
  path: Assets/Scripts/Inventory.cs
  artifactKey: Guid(ab7d5296be019c248b06f7f56107eb97) Importer(815301076,1909f56bfc062723c751e8b465ee728b)
Start importing Assets/Scripts/Inventory.cs using Guid(ab7d5296be019c248b06f7f56107eb97) Importer(815301076,1909f56bfc062723c751e8b465ee728b)  -> (artifact id: '01db9627eed4b0439a8724c1e77f1b7a') in 0.083599 seconds 
========================================================================
Received Import Request.
  Time since last request: 8.860826 seconds.
  path: Assets/Scripts/Wood.cs
  artifactKey: Guid(c4eb0a40f1cfd5d4aa4cdbce5ac90aa8) Importer(815301076,1909f56bfc062723c751e8b465ee728b)
Start importing Assets/Scripts/Wood.cs using Guid(c4eb0a40f1cfd5d4aa4cdbce5ac90aa8) Importer(815301076,1909f56bfc062723c751e8b465ee728b)  -> (artifact id: '332adab799ad228a0d8b602d55cfa674') in 0.005069 seconds 
========================================================================
Received Import Request.
  Time since last request: 43.681064 seconds.
  path: Assets/Scripts/Player.cs
  artifactKey: Guid(a5a22cc6cdda295498efd3463b9b8ad9) Importer(815301076,1909f56bfc062723c751e8b465ee728b)
Start importing Assets/Scripts/Player.cs using Guid(a5a22cc6cdda295498efd3463b9b8ad9) Importer(815301076,1909f56bfc062723c751e8b465ee728b)  -> (artifact id: '16bcc47cb2dba029dc9e05f999889132') in 0.021329 seconds 
========================================================================
Received Import Request.
  Time since last request: 22.516222 seconds.
  path: Assets/Scripts/Items/Wood.cs
  artifactKey: Guid(730695754d8bad943a290d7cb8c3c863) Importer(815301076,1909f56bfc062723c751e8b465ee728b)
Start importing Assets/Scripts/Items/Wood.cs using Guid(730695754d8bad943a290d7cb8c3c863) Importer(815301076,1909f56bfc062723c751e8b465ee728b)  -> (artifact id: 'ca8856883930486c00f74d5f931bf27b') in 0.056028 seconds 
========================================================================
Received Import Request.
  Time since last request: 7.605640 seconds.
  path: Assets/Scripts/Items/Woodtxt.cs
  artifactKey: Guid(730695754d8bad943a290d7cb8c3c863) Importer(815301076,1909f56bfc062723c751e8b465ee728b)
Start importing Assets/Scripts/Items/Woodtxt.cs using Guid(730695754d8bad943a290d7cb8c3c863) Importer(815301076,1909f56bfc062723c751e8b465ee728b)  -> (artifact id: '4b591411db1fc26ff51260a44c830ff0') in 0.069423 seconds 
========================================================================
Received Import Request.
  Time since last request: 17.723370 seconds.
  path: Assets/Scripts/Items/Wood.cs
  artifactKey: Guid(10b8896b29630b047bd732c345837f34) Importer(815301076,1909f56bfc062723c751e8b465ee728b)
Start importing Assets/Scripts/Items/Wood.cs using Guid(10b8896b29630b047bd732c345837f34) Importer(815301076,1909f56bfc062723c751e8b465ee728b)  -> (artifact id: '08ee01ba37dbd8557016a62eacba273c') in 0.007362 seconds 
========================================================================
Received Import Request.
  Time since last request: 140.957911 seconds.
  path: Assets/Scripts/Items/Wood.cs
  artifactKey: Guid(10b8896b29630b047bd732c345837f34) Importer(815301076,1909f56bfc062723c751e8b465ee728b)
Start importing Assets/Scripts/Items/Wood.cs using Guid(10b8896b29630b047bd732c345837f34) Importer(815301076,1909f56bfc062723c751e8b465ee728b)  -> (artifact id: 'c11bd61191754df9ab478ca97f2c632b') in 0.095317 seconds 
========================================================================
Received Import Request.
  Time since last request: 137.958971 seconds.
  path: Assets/Scripts/Items/Woodvc.cs
  artifactKey: Guid(10b8896b29630b047bd732c345837f34) Importer(815301076,1909f56bfc062723c751e8b465ee728b)
Start importing Assets/Scripts/Items/Woodvc.cs using Guid(10b8896b29630b047bd732c345837f34) Importer(815301076,1909f56bfc062723c751e8b465ee728b)  -> (artifact id: 'a2317d887e58f5d4c0068bbdf0cec7fb') in 0.059077 seconds 
========================================================================
Received Import Request.
  Time since last request: 15.224922 seconds.
  path: Assets/Scripts/Items/Woodtxt.cs
  artifactKey: Guid(10b8896b29630b047bd732c345837f34) Importer(815301076,1909f56bfc062723c751e8b465ee728b)
Start importing Assets/Scripts/Items/Woodtxt.cs using Guid(10b8896b29630b047bd732c345837f34) Importer(815301076,1909f56bfc062723c751e8b465ee728b)  -> (artifact id: 'ba2075e0eec20fbc2c002a6771984e10') in 0.004709 seconds 
========================================================================
Received Import Request.
  Time since last request: 238.422855 seconds.
  path: Assets/Scripts/Items/Wood.cs
  artifactKey: Guid(730695754d8bad943a290d7cb8c3c863) Importer(815301076,1909f56bfc062723c751e8b465ee728b)
Start importing Assets/Scripts/Items/Wood.cs using Guid(730695754d8bad943a290d7cb8c3c863) Importer(815301076,1909f56bfc062723c751e8b465ee728b)  -> (artifact id: 'be3f3115cee16bf94d762580cfe42109') in 0.026690 seconds 
